<?xml version="1.0" encoding="UTF-8"?>
<!-- Generated by org.testng.reporters.JUnitReportReporter -->
<testsuite hostname="DESKTOP-J92BVGD" failures="0" tests="2" name="testNG_Basic.TestNGPractice" time="9.103" errors="0" timestamp="2024-01-16T19:39:14 EST" skipped="0">
  <testcase classname="testNG_Basic.TestNGPractice" name="test1" time="5.458"/>
  <testcase classname="testNG_Basic.TestNGPractice" name="test2" time="3.645"/>
</testsuite> <!-- testNG_Basic.TestNGPractice -->
